1413382700 - INFO: Log level set to 6
STORE CALL: glXChooseFBConfig(0x21a1990, 0, 0x23b5fe8, 0x7fff23771d64, )
1413382700 - DEBUG: RAISED STOP
1413382702 - INFO: OPERATION: 6
1413382702 - INFO: ORIG_GL: glXChooseFBConfig (0x7f7439e37470)
1413382702 - DEBUG: RAISED STOP
1413382702 - INFO: OPERATION: 22
STORE CALL: glXGetVisualFromFBConfig(0x21a1990, 0x23be830, )
1413382702 - DEBUG: RAISED STOP
1413382702 - INFO: OPERATION: 6
1413382702 - INFO: ORIG_GL: glXGetVisualFromFBConfig (0x7f7439e36b30)
1413382702 - DEBUG: RAISED STOP
1413382702 - INFO: OPERATION: 22
STORE CALL: glXGetVisualFromFBConfig(0x21a1990, 0x23be830, )
1413382702 - DEBUG: RAISED STOP
1413382702 - INFO: OPERATION: 6
1413382702 - INFO: ORIG_GL: glXGetVisualFromFBConfig (0x7f7439e36b30)
1413382702 - DEBUG: RAISED STOP
1413382702 - INFO: OPERATION: 22
STORE CALL: glXGetFBConfigAttrib(0x21a1990, 0x23be830, 8, 0x7fff23771d6c, )
1413382702 - DEBUG: RAISED STOP
1413382702 - INFO: OPERATION: 6
1413382702 - INFO: ORIG_GL: glXGetFBConfigAttrib (0x7f7439e36ab0)
1413382702 - DEBUG: RAISED STOP
1413382702 - INFO: OPERATION: 22
STORE CALL: glXGetFBConfigAttrib(0x21a1990, 0x23be830, 9, 0x7fff23771d70, )
1413382702 - DEBUG: RAISED STOP
1413382702 - INFO: OPERATION: 6
1413382702 - INFO: ORIG_GL: glXGetFBConfigAttrib (0x7f7439e36ab0)
1413382702 - DEBUG: RAISED STOP
1413382702 - INFO: OPERATION: 22
STORE CALL: glXGetFBConfigAttrib(0x21a1990, 0x23be830, 10, 0x7fff23771d74, )
1413382702 - DEBUG: RAISED STOP
1413382702 - INFO: OPERATION: 6
1413382702 - INFO: ORIG_GL: glXGetFBConfigAttrib (0x7f7439e36ab0)
1413382702 - DEBUG: RAISED STOP
1413382702 - INFO: OPERATION: 22
STORE CALL: glXGetFBConfigAttrib(0x21a1990, 0x23be830, 11, 0x7fff23771d78, )
1413382702 - DEBUG: RAISED STOP
1413382702 - INFO: OPERATION: 6
1413382702 - INFO: ORIG_GL: glXGetFBConfigAttrib (0x7f7439e36ab0)
1413382702 - DEBUG: RAISED STOP
1413382702 - INFO: OPERATION: 22
STORE CALL: glXGetFBConfigAttrib(0x21a1990, 0x23be830, 12, 0x7fff23771d7c, )
1413382702 - DEBUG: RAISED STOP
1413382702 - INFO: OPERATION: 6
1413382702 - INFO: ORIG_GL: glXGetFBConfigAttrib (0x7f7439e36ab0)
1413382702 - DEBUG: RAISED STOP
1413382702 - INFO: OPERATION: 22
STORE CALL: glXGetFBConfigAttrib(0x21a1990, 0x23be830, 13, 0x7fff23771d80, )
1413382702 - DEBUG: RAISED STOP
1413382702 - INFO: OPERATION: 6
1413382702 - INFO: ORIG_GL: glXGetFBConfigAttrib (0x7f7439e36ab0)
1413382702 - DEBUG: RAISED STOP
1413382702 - INFO: OPERATION: 22
STORE CALL: glXGetFBConfigAttrib(0x21a1990, 0x23be830, 100001, 0x7fff23771d84, )
1413382702 - DEBUG: RAISED STOP
1413382702 - INFO: OPERATION: 6
1413382702 - INFO: ORIG_GL: glXGetFBConfigAttrib (0x7f7439e36ab0)
1413382702 - DEBUG: RAISED STOP
1413382702 - INFO: OPERATION: 22
STORE CALL: glXGetFBConfigAttrib(0x21a1990, 0x23be830, 6, 0x7fff23771d8c, )
1413382702 - DEBUG: RAISED STOP
1413382702 - INFO: OPERATION: 6
1413382702 - INFO: ORIG_GL: glXGetFBConfigAttrib (0x7f7439e36ab0)
1413382702 - DEBUG: RAISED STOP
1413382702 - INFO: OPERATION: 22
STORE CALL: glXChooseFBConfig(0x21a1990, 0, 0x23b5fe8, 0x7fff23771ef4, )
1413382702 - DEBUG: RAISED STOP
1413382702 - INFO: OPERATION: 6
1413382702 - INFO: ORIG_GL: glXChooseFBConfig (0x7f7439e37470)
1413382702 - DEBUG: RAISED STOP
1413382702 - INFO: OPERATION: 22
STORE CALL: glXGetProcAddress(0x7f7435e8cafc, )
1413382702 - DEBUG: RAISED STOP
1413382702 - INFO: OPERATION: 6
1413382702 - DEBUG: RAISED STOP
1413382702 - INFO: OPERATION: 22
STORE CALL: glXQueryExtensionsString(0x21a1990, 0, )
1413382702 - DEBUG: RAISED STOP
1413382702 - INFO: OPERATION: 6
1413382702 - INFO: ORIG_GL: glXQueryExtensionsString (0x7f7439e370d0)
1413382702 - DEBUG: RAISED STOP
1413382702 - INFO: OPERATION: 22
STORE CALL: glXCreateNewContext(0x21a1990, 0x23be830, 32788, (nil), 1, )
1413382702 - DEBUG: RAISED STOP
1413382702 - INFO: OPERATION: 6
1413382702 - INFO: ORIG_GL: glXCreateNewContext (0x7f7439e38420)
1413382702 - DEBUG: RAISED STOP
1413382702 - INFO: OPERATION: 22
STORE CALL: glXGetVisualFromFBConfig(0x21a1990, 0x23be830, )
1413382702 - DEBUG: RAISED STOP
1413382702 - INFO: OPERATION: 6
1413382702 - INFO: ORIG_GL: glXGetVisualFromFBConfig (0x7f7439e36b30)
1413382702 - DEBUG: RAISED STOP
1413382702 - INFO: OPERATION: 22
STORE CALL: glXGetFBConfigAttrib(0x21a1990, 0x23be830, 8, 0x7fff23771efc, )
1413382702 - DEBUG: RAISED STOP
1413382702 - INFO: OPERATION: 6
1413382702 - INFO: ORIG_GL: glXGetFBConfigAttrib (0x7f7439e36ab0)
1413382702 - DEBUG: RAISED STOP
1413382702 - INFO: OPERATION: 22
STORE CALL: glXGetFBConfigAttrib(0x21a1990, 0x23be830, 9, 0x7fff23771f00, )
1413382702 - DEBUG: RAISED STOP
1413382702 - INFO: OPERATION: 6
1413382702 - INFO: ORIG_GL: glXGetFBConfigAttrib (0x7f7439e36ab0)
1413382702 - DEBUG: RAISED STOP
1413382702 - INFO: OPERATION: 22
STORE CALL: glXGetFBConfigAttrib(0x21a1990, 0x23be830, 10, 0x7fff23771f04, )
1413382702 - DEBUG: RAISED STOP
1413382702 - INFO: OPERATION: 6
1413382702 - INFO: ORIG_GL: glXGetFBConfigAttrib (0x7f7439e36ab0)
1413382702 - DEBUG: RAISED STOP
1413382702 - INFO: OPERATION: 22
STORE CALL: glXGetFBConfigAttrib(0x21a1990, 0x23be830, 11, 0x7fff23771f08, )
1413382702 - DEBUG: RAISED STOP
1413382702 - INFO: OPERATION: 6
1413382702 - INFO: ORIG_GL: glXGetFBConfigAttrib (0x7f7439e36ab0)
1413382702 - DEBUG: RAISED STOP
1413382702 - INFO: OPERATION: 22
STORE CALL: glXGetFBConfigAttrib(0x21a1990, 0x23be830, 12, 0x7fff23771f0c, )
1413382702 - DEBUG: RAISED STOP
1413382702 - INFO: OPERATION: 6
1413382702 - INFO: ORIG_GL: glXGetFBConfigAttrib (0x7f7439e36ab0)
1413382702 - DEBUG: RAISED STOP
1413382702 - INFO: OPERATION: 22
STORE CALL: glXGetFBConfigAttrib(0x21a1990, 0x23be830, 13, 0x7fff23771f10, )
1413382702 - DEBUG: RAISED STOP
1413382702 - INFO: OPERATION: 6
1413382702 - INFO: ORIG_GL: glXGetFBConfigAttrib (0x7f7439e36ab0)
1413382702 - DEBUG: RAISED STOP
1413382702 - INFO: OPERATION: 22
STORE CALL: glXGetFBConfigAttrib(0x21a1990, 0x23be830, 100001, 0x7fff23771f14, )
1413382702 - DEBUG: RAISED STOP
1413382702 - INFO: OPERATION: 6
1413382702 - INFO: ORIG_GL: glXGetFBConfigAttrib (0x7f7439e36ab0)
1413382702 - DEBUG: RAISED STOP
1413382702 - INFO: OPERATION: 22
STORE CALL: glXGetFBConfigAttrib(0x21a1990, 0x23be830, 6, 0x7fff23771f1c, )
1413382702 - DEBUG: RAISED STOP
1413382702 - INFO: OPERATION: 6
1413382702 - INFO: ORIG_GL: glXGetFBConfigAttrib (0x7f7439e36ab0)
1413382702 - DEBUG: RAISED STOP
1413382702 - INFO: OPERATION: 22
STORE CALL: glXGetVisualFromFBConfig(0x21a1990, 0x23be830, )
1413382702 - DEBUG: RAISED STOP
1413382702 - INFO: OPERATION: 6
1413382702 - INFO: ORIG_GL: glXGetVisualFromFBConfig (0x7f7439e36b30)
1413382702 - DEBUG: RAISED STOP
1413382702 - INFO: OPERATION: 22
STORE CALL: glXMakeCurrent(0x21a1990, 73400331, 0x23cfb30, )
1413382702 - DEBUG: RAISED STOP
1413382702 - INFO: OPERATION: 6
1413382702 - INFO: ORIG_GL: glXMakeCurrent (0x7f7439e39270)
1413382702 - DEBUG: RAISED STOP
1413382702 - INFO: OPERATION: 22
STORE CALL: glGetString(GL_VERSION, )
1413382702 - DEBUG: RAISED STOP
1413382702 - INFO: OPERATION: 6
1413382702 - INFO: ORIG_GL: glGetString (0x7f7439e64520)
1413382702 - INFO: ORIG_GL: glGetError (0x7f7439e64360)
1413382702 - DEBUG: RAISED STOP
1413382702 - INFO: OPERATION: 22
STORE CALL: glXMakeCurrent(0x21a1990, 0, (nil), )
1413382702 - DEBUG: RAISED STOP
1413382702 - INFO: OPERATION: 6
1413382702 - INFO: ORIG_GL: glXMakeCurrent (0x7f7439e39270)
1413382702 - DEBUG: RAISED STOP
1413382702 - INFO: OPERATION: 22
STORE CALL: glXChooseFBConfig(0x21a1990, 0, 0x23b5fe8, 0x7fff23771e14, )
1413382702 - DEBUG: RAISED STOP
1413382702 - INFO: OPERATION: 6
1413382702 - INFO: ORIG_GL: glXChooseFBConfig (0x7f7439e37470)
1413382702 - DEBUG: RAISED STOP
1413382702 - INFO: OPERATION: 22
STORE CALL: glXGetVisualFromFBConfig(0x21a1990, 0x23bf630, )
1413382702 - DEBUG: RAISED STOP
1413382702 - INFO: OPERATION: 6
1413382702 - INFO: ORIG_GL: glXGetVisualFromFBConfig (0x7f7439e36b30)
1413382702 - DEBUG: RAISED STOP
1413382702 - INFO: OPERATION: 22
STORE CALL: glXGetVisualFromFBConfig(0x21a1990, 0x23bf630, )
1413382702 - DEBUG: RAISED STOP
1413382702 - INFO: OPERATION: 6
1413382702 - INFO: ORIG_GL: glXGetVisualFromFBConfig (0x7f7439e36b30)
1413382702 - DEBUG: RAISED STOP
1413382702 - INFO: OPERATION: 22
STORE CALL: glXGetFBConfigAttrib(0x21a1990, 0x23bf630, 8, 0x7fff23771e1c, )
1413382702 - DEBUG: RAISED STOP
1413382702 - INFO: OPERATION: 6
1413382702 - INFO: ORIG_GL: glXGetFBConfigAttrib (0x7f7439e36ab0)
1413382702 - DEBUG: RAISED STOP
1413382702 - INFO: OPERATION: 22
STORE CALL: glXGetFBConfigAttrib(0x21a1990, 0x23bf630, 9, 0x7fff23771e20, )
1413382702 - DEBUG: RAISED STOP
1413382702 - INFO: OPERATION: 6
1413382702 - INFO: ORIG_GL: glXGetFBConfigAttrib (0x7f7439e36ab0)
1413382702 - DEBUG: RAISED STOP
1413382702 - INFO: OPERATION: 22
STORE CALL: glXGetFBConfigAttrib(0x21a1990, 0x23bf630, 10, 0x7fff23771e24, )
1413382702 - DEBUG: RAISED STOP
1413382702 - INFO: OPERATION: 6
1413382702 - INFO: ORIG_GL: glXGetFBConfigAttrib (0x7f7439e36ab0)
1413382702 - DEBUG: RAISED STOP
1413382702 - INFO: OPERATION: 22
STORE CALL: glXGetFBConfigAttrib(0x21a1990, 0x23bf630, 11, 0x7fff23771e28, )
1413382702 - DEBUG: RAISED STOP
1413382702 - INFO: OPERATION: 6
1413382702 - INFO: ORIG_GL: glXGetFBConfigAttrib (0x7f7439e36ab0)
1413382702 - DEBUG: RAISED STOP
1413382702 - INFO: OPERATION: 22
STORE CALL: glXGetFBConfigAttrib(0x21a1990, 0x23bf630, 12, 0x7fff23771e2c, )
1413382702 - DEBUG: RAISED STOP
1413382702 - INFO: OPERATION: 6
1413382702 - INFO: ORIG_GL: glXGetFBConfigAttrib (0x7f7439e36ab0)
1413382702 - DEBUG: RAISED STOP
1413382702 - INFO: OPERATION: 22
STORE CALL: glXGetFBConfigAttrib(0x21a1990, 0x23bf630, 13, 0x7fff23771e30, )
1413382702 - DEBUG: RAISED STOP
1413382702 - INFO: OPERATION: 6
1413382702 - INFO: ORIG_GL: glXGetFBConfigAttrib (0x7f7439e36ab0)
1413382702 - DEBUG: RAISED STOP
1413382702 - INFO: OPERATION: 22
STORE CALL: glXGetFBConfigAttrib(0x21a1990, 0x23bf630, 100001, 0x7fff23771e34, )
1413382702 - DEBUG: RAISED STOP
1413382702 - INFO: OPERATION: 6
1413382702 - INFO: ORIG_GL: glXGetFBConfigAttrib (0x7f7439e36ab0)
1413382702 - DEBUG: RAISED STOP
1413382702 - INFO: OPERATION: 22
STORE CALL: glXGetFBConfigAttrib(0x21a1990, 0x23bf630, 6, 0x7fff23771e3c, )
1413382702 - DEBUG: RAISED STOP
1413382702 - INFO: OPERATION: 6
1413382702 - INFO: ORIG_GL: glXGetFBConfigAttrib (0x7f7439e36ab0)
1413382702 - DEBUG: RAISED STOP
1413382702 - INFO: OPERATION: 22
STORE CALL: glXMakeCurrent(0x21a1990, 73400327, 0x23cfb30, )
1413382702 - DEBUG: RAISED STOP
1413382702 - INFO: OPERATION: 6
1413382702 - INFO: ORIG_GL: glXMakeCurrent (0x7f7439e39270)
1413382702 - DEBUG: RAISED STOP
1413382702 - INFO: OPERATION: 22
STORE CALL: glGetString(GL_RENDERER, )
1413382702 - DEBUG: RAISED STOP
1413382702 - INFO: OPERATION: 6
1413382702 - INFO: ORIG_GL: glGetString (0x7f7439e64520)
1413382702 - INFO: ORIG_GL: glGetError (0x7f7439e64360)
1413382702 - DEBUG: RAISED STOP
1413382702 - INFO: OPERATION: 22
STORE CALL: glXMakeCurrent(0x21a1990, 73400327, 0x23cfb30, )
1413382702 - DEBUG: RAISED STOP
1413382702 - INFO: OPERATION: 6
1413382702 - INFO: ORIG_GL: glXMakeCurrent (0x7f7439e39270)
1413382702 - DEBUG: RAISED STOP
1413382702 - INFO: OPERATION: 22
STORE CALL: glGetString(GL_VERSION, )
1413382702 - DEBUG: RAISED STOP
1413382702 - INFO: OPERATION: 6
1413382702 - INFO: ORIG_GL: glGetString (0x7f7439e64520)
1413382702 - INFO: ORIG_GL: glGetError (0x7f7439e64360)
1413382702 - DEBUG: RAISED STOP
1413382702 - INFO: OPERATION: 22
STORE CALL: glDisable(GL_CULL_FACE, )
1413382702 - DEBUG: RAISED STOP
1413382702 - INFO: OPERATION: 6
1413382702 - INFO: ORIG_GL: glDisable (0x7f7439e63d80)
1413382702 - INFO: ORIG_GL: glGetError (0x7f7439e64360)
1413382702 - DEBUG: RAISED STOP
1413382702 - INFO: OPERATION: 22
STORE CALL: glCullFace(GL_BACK, )
1413382702 - DEBUG: RAISED STOP
1413382702 - INFO: OPERATION: 6
1413382702 - INFO: ORIG_GL: glCullFace (0x7f7439e635c0)
1413382702 - INFO: ORIG_GL: glGetError (0x7f7439e64360)
1413382702 - DEBUG: RAISED STOP
1413382702 - INFO: OPERATION: 22
STORE CALL: glFrontFace(GL_CW, )
1413382702 - DEBUG: RAISED STOP
1413382702 - INFO: OPERATION: 6
1413382702 - INFO: ORIG_GL: glFrontFace (0x7f7439e63660)
1413382702 - INFO: ORIG_GL: glGetError (0x7f7439e64360)
1413382702 - DEBUG: RAISED STOP
1413382702 - INFO: OPERATION: 22
STORE CALL: glEnable(GL_DEPTH_TEST, )
1413382702 - DEBUG: RAISED STOP
1413382702 - INFO: OPERATION: 6
1413382702 - INFO: ORIG_GL: glEnable (0x7f7439e63da0)
1413382702 - INFO: ORIG_GL: glGetError (0x7f7439e64360)
1413382702 - DEBUG: RAISED STOP
1413382702 - INFO: OPERATION: 22
STORE CALL: glCreateShader(GL_VERTEX_SHADER, )
1413382702 - DEBUG: RAISED STOP
1413382702 - INFO: OPERATION: 6
1413382702 - INFO: ORIG_GL: glCreateShader (0x7f7439e65f40)
1413382702 - INFO: ORIG_GL: glGetError (0x7f7439e64360)
1413382702 - DEBUG: RAISED STOP
1413382702 - INFO: OPERATION: 22
STORE CALL: glGetError()
1413382702 - DEBUG: RAISED STOP
1413382702 - INFO: OPERATION: 6
1413382702 - INFO: ORIG_GL: glGetError (0x7f7439e64360)
1413382702 - INFO: ORIG_GL: glGetError (0x7f7439e64360)
1413382702 - DEBUG: RAISED STOP
1413382702 - INFO: OPERATION: 22
STORE CALL: glShaderSource(0, 1, 0x7fff23771198, (nil), )
1413382702 - DEBUG: RAISED STOP
1413382702 - INFO: OPERATION: 6
1413382702 - INFO: ORIG_GL: glShaderSource (0x7f7439e66280)
1413382702 - INFO: ORIG_GL: glGetError (0x7f7439e64360)
1413382702 - DEBUG: RAISED STOP
1413382702 - INFO: OPERATION: 22
STORE CALL: glGetError()
1413382702 - DEBUG: RAISED STOP
1413382702 - INFO: OPERATION: 6
1413382702 - INFO: ORIG_GL: glGetError (0x7f7439e64360)
1413382702 - INFO: ORIG_GL: glGetError (0x7f7439e64360)
1413382702 - DEBUG: RAISED STOP
1413382702 - INFO: OPERATION: 22
STORE CALL: glCompileShader(0, )
1413382702 - DEBUG: RAISED STOP
1413382702 - INFO: OPERATION: 6
1413382702 - INFO: ORIG_GL: glCompileShader (0x7f7439e65f00)
1413382702 - INFO: ORIG_GL: glGetError (0x7f7439e64360)
1413382702 - DEBUG: RAISED STOP
1413382702 - INFO: OPERATION: 22
STORE CALL: glGetError()
1413382702 - DEBUG: RAISED STOP
1413382702 - INFO: OPERATION: 6
1413382702 - INFO: ORIG_GL: glGetError (0x7f7439e64360)
1413382702 - INFO: ORIG_GL: glGetError (0x7f7439e64360)
1413382702 - DEBUG: RAISED STOP
1413382702 - INFO: OPERATION: 22
STORE CALL: glGetShaderiv(0, GL_COMPILE_STATUS, 0x7fff237711c0, )
1413382702 - DEBUG: RAISED STOP
1413382702 - INFO: OPERATION: 6
1413382702 - INFO: ORIG_GL: glGetShaderiv (0x7f7439e66120)
1413382702 - INFO: ORIG_GL: glGetError (0x7f7439e64360)
1413382702 - DEBUG: RAISED STOP
1413382702 - INFO: OPERATION: 22
STORE CALL: glGetShaderiv(0, GL_INFO_LOG_LENGTH, 0x7fff237711bc, )
1413382702 - DEBUG: RAISED STOP
1413382702 - INFO: OPERATION: 6
1413382702 - INFO: ORIG_GL: glGetShaderiv (0x7f7439e66120)
1413382702 - INFO: ORIG_GL: glGetError (0x7f7439e64360)
1413382702 - DEBUG: RAISED STOP
1413382702 - INFO: OPERATION: 22
STORE CALL: glGetError()
1413382702 - DEBUG: RAISED STOP
1413382702 - INFO: OPERATION: 6
1413382702 - INFO: ORIG_GL: glGetError (0x7f7439e64360)
1413382702 - INFO: ORIG_GL: glGetError (0x7f7439e64360)
1413382702 - DEBUG: RAISED STOP
1413382702 - INFO: OPERATION: 22
STORE CALL: glCreateShader(GL_FRAGMENT_SHADER, )
1413382702 - DEBUG: RAISED STOP
1413382702 - INFO: OPERATION: 6
1413382702 - INFO: ORIG_GL: glCreateShader (0x7f7439e65f40)
1413382702 - INFO: ORIG_GL: glGetError (0x7f7439e64360)
1413382702 - DEBUG: RAISED STOP
1413382702 - INFO: OPERATION: 22
STORE CALL: glGetError()
1413382702 - DEBUG: RAISED STOP
1413382702 - INFO: OPERATION: 6
1413382702 - INFO: ORIG_GL: glGetError (0x7f7439e64360)
1413382702 - INFO: ORIG_GL: glGetError (0x7f7439e64360)
1413382702 - DEBUG: RAISED STOP
1413382702 - INFO: OPERATION: 22
STORE CALL: glShaderSource(0, 1, 0x7fff23771198, (nil), )
1413382702 - DEBUG: RAISED STOP
1413382703 - INFO: OPERATION: 6
1413382703 - INFO: ORIG_GL: glShaderSource (0x7f7439e66280)
1413382703 - INFO: ORIG_GL: glGetError (0x7f7439e64360)
1413382703 - DEBUG: RAISED STOP
1413382703 - INFO: OPERATION: 22
STORE CALL: glGetError()
1413382703 - DEBUG: RAISED STOP
1413382703 - INFO: OPERATION: 6
1413382703 - INFO: ORIG_GL: glGetError (0x7f7439e64360)
1413382703 - INFO: ORIG_GL: glGetError (0x7f7439e64360)
1413382703 - DEBUG: RAISED STOP
1413382703 - INFO: OPERATION: 22
STORE CALL: glCompileShader(0, )
1413382703 - DEBUG: RAISED STOP
1413382703 - INFO: OPERATION: 6
1413382703 - INFO: ORIG_GL: glCompileShader (0x7f7439e65f00)
1413382703 - INFO: ORIG_GL: glGetError (0x7f7439e64360)
1413382703 - DEBUG: RAISED STOP
1413382703 - INFO: OPERATION: 22
STORE CALL: glGetError()
1413382703 - DEBUG: RAISED STOP
1413382703 - INFO: OPERATION: 6
1413382703 - INFO: ORIG_GL: glGetError (0x7f7439e64360)
1413382703 - INFO: ORIG_GL: glGetError (0x7f7439e64360)
1413382703 - DEBUG: RAISED STOP
1413382703 - INFO: OPERATION: 22
STORE CALL: glGetShaderiv(0, GL_COMPILE_STATUS, 0x7fff237711c0, )
1413382703 - DEBUG: RAISED STOP
1413382703 - INFO: OPERATION: 6
1413382703 - INFO: ORIG_GL: glGetShaderiv (0x7f7439e66120)
1413382703 - INFO: ORIG_GL: glGetError (0x7f7439e64360)
1413382703 - DEBUG: RAISED STOP
1413382703 - INFO: OPERATION: 22
STORE CALL: glGetShaderiv(0, GL_INFO_LOG_LENGTH, 0x7fff237711bc, )
1413382703 - DEBUG: RAISED STOP
1413382703 - INFO: OPERATION: 6
1413382703 - INFO: ORIG_GL: glGetShaderiv (0x7f7439e66120)
1413382703 - INFO: ORIG_GL: glGetError (0x7f7439e64360)
1413382703 - DEBUG: RAISED STOP
1413382703 - INFO: OPERATION: 22
STORE CALL: glGetError()
1413382703 - DEBUG: RAISED STOP
1413382703 - INFO: OPERATION: 6
1413382703 - INFO: ORIG_GL: glGetError (0x7f7439e64360)
1413382703 - INFO: ORIG_GL: glGetError (0x7f7439e64360)
1413382703 - DEBUG: RAISED STOP
1413382703 - INFO: OPERATION: 22
STORE CALL: glCreateProgram()
1413382703 - DEBUG: RAISED STOP
1413382703 - INFO: OPERATION: 6
1413382703 - INFO: ORIG_GL: glCreateProgram (0x7f7439e65f20)
1413382703 - INFO: ORIG_GL: glGetError (0x7f7439e64360)
1413382703 - DEBUG: RAISED STOP
1413382703 - INFO: OPERATION: 22
STORE CALL: glGetError()
1413382703 - DEBUG: RAISED STOP
1413382703 - INFO: OPERATION: 6
1413382703 - INFO: ORIG_GL: glGetError (0x7f7439e64360)
1413382703 - INFO: ORIG_GL: glGetError (0x7f7439e64360)
1413382703 - DEBUG: RAISED STOP
1413382703 - INFO: OPERATION: 22
STORE CALL: glAttachShader(0, 0, )
1413382703 - DEBUG: RAISED STOP
1413382703 - INFO: OPERATION: 6
1413382703 - INFO: ORIG_GL: glAttachShader (0x7f7439e65ea0)
1413382703 - INFO: ORIG_GL: glGetError (0x7f7439e64360)
1413382703 - DEBUG: RAISED STOP
1413382703 - INFO: OPERATION: 22
STORE CALL: glGetError()
1413382703 - DEBUG: RAISED STOP
1413382703 - INFO: OPERATION: 6
1413382703 - INFO: ORIG_GL: glGetError (0x7f7439e64360)
1413382703 - INFO: ORIG_GL: glGetError (0x7f7439e64360)
1413382703 - DEBUG: RAISED STOP
1413382703 - INFO: OPERATION: 22
STORE CALL: glAttachShader(0, 0, )
1413382703 - DEBUG: RAISED STOP
1413382703 - INFO: OPERATION: 6
1413382703 - INFO: ORIG_GL: glAttachShader (0x7f7439e65ea0)
1413382703 - INFO: ORIG_GL: glGetError (0x7f7439e64360)
1413382703 - DEBUG: RAISED STOP
1413382703 - INFO: OPERATION: 22
STORE CALL: glGetError()
1413382703 - DEBUG: RAISED STOP
1413382703 - INFO: OPERATION: 6
1413382703 - INFO: ORIG_GL: glGetError (0x7f7439e64360)
1413382703 - INFO: ORIG_GL: glGetError (0x7f7439e64360)
1413382703 - DEBUG: RAISED STOP
1413382703 - INFO: OPERATION: 22
STORE CALL: glLinkProgram(0, )
1413382703 - DEBUG: RAISED STOP
1413382703 - INFO: OPERATION: 6
1413382703 - INFO: ORIG_GL: glLinkProgram (0x7f7439e66260)
1413382703 - INFO: ORIG_GL: glGetError (0x7f7439e64360)
1413382703 - DEBUG: RAISED STOP
1413382703 - INFO: OPERATION: 15
1413382703 - DEBUG: Creating extension hashes
1413382703 - INFO: ORIG_GL: glGetIntegerv (0x7f7439e643a0)
1413382703 - INFO: Extensions found 595005792
1413382703 - INFO: ORIG_GL: glGetStringi (0x7f7439e66c40)
